<?xml version="1.0" encoding="UTF-8"?>
<testsuite name="br.com.listavip.repository.ConvidadoRepositoryTest" tests="1" skipped="0" failures="0" errors="0" timestamp="2019-04-02T20:27:02" hostname="ni-52047-0" time="0.012">
  <properties/>
  <testcase name="testSaveConvidado" classname="br.com.listavip.repository.ConvidadoRepositoryTest" time="0.012"/>
  <system-out><![CDATA[]]></system-out>
  <system-err><![CDATA[]]></system-err>
</testsuite>
