<?xml version="1.0" encoding="UTF-8"?>
<testsuite name="br.com.listavip.service.ConvidadoServiceTest" tests="1" skipped="0" failures="0" errors="0" timestamp="2019-04-02T20:27:02" hostname="ni-52047-0" time="0.001">
  <properties/>
  <testcase name="testSaveConvidado" classname="br.com.listavip.service.ConvidadoServiceTest" time="0.001"/>
  <system-out><![CDATA[]]></system-out>
  <system-err><![CDATA[]]></system-err>
</testsuite>
